[train] device=cpu
[train] model params: 35.59M (preset=small)
[train] starting; ctx=512, batch=2, steps=12000, mode=chat
[data:chat] using SlimOrca (Open-Orca/SlimOrca)
step    10 | loss 8.2475 | lm 10.9058 | ppl 54492.1 | lr 1.35e-05 | 278 tok/s | mesoLG 0.59 | NT[DA=0.82 NE=0.68 5HT=0.97 ACh=0.80 eCB=0.12 Glu=0.66 GABA=0.51]
step    20 | loss 8.1186 | lm 10.7807 | ppl 48082.2 | lr 2.85e-05 | 444 tok/s | mesoLG 0.59 | NT[DA=0.82 NE=0.69 5HT=0.97 ACh=0.80 eCB=0.13 Glu=0.62 GABA=0.56]
step    30 | loss 7.8779 | lm 10.5389 | ppl 37757.4 | lr 4.35e-05 | 437 tok/s | mesoLG 0.59 | NT[DA=0.82 NE=0.69 5HT=0.97 ACh=0.80 eCB=0.15 Glu=0.61 GABA=0.56]
step    40 | loss 7.5770 | lm 10.2195 | ppl 27434.2 | lr 5.85e-05 | 470 tok/s | mesoLG 0.58 | NT[DA=0.82 NE=0.69 5HT=0.96 ACh=0.80 eCB=0.17 Glu=0.61 GABA=0.56]
step    50 | loss 7.2601 | lm 9.8303 | ppl 18589.1 | lr 7.35e-05 | 503 tok/s | mesoLG 0.58 | NT[DA=0.82 NE=0.69 5HT=0.96 ACh=0.80 eCB=0.20 Glu=0.62 GABA=0.56]
step    60 | loss 6.7422 | lm 9.1433 | ppl 9351.9 | lr 8.85e-05 | 538 tok/s | mesoLG 0.58 | NT[DA=0.82 NE=0.69 5HT=0.96 ACh=0.80 eCB=0.24 Glu=0.64 GABA=0.56]
step    70 | loss 6.2576 | lm 8.4952 | ppl 4891.4 | lr 1.03e-04 | 538 tok/s | mesoLG 0.58 | NT[DA=0.81 NE=0.69 5HT=0.96 ACh=0.79 eCB=0.24 Glu=0.61 GABA=0.63]
step    80 | loss 6.0250 | lm 8.1911 | ppl 3608.7 | lr 1.18e-04 | 520 tok/s | mesoLG 0.58 | NT[DA=0.81 NE=0.69 5HT=0.96 ACh=0.79 eCB=0.25 Glu=0.60 GABA=0.65]
step    90 | loss 5.7161 | lm 7.7826 | ppl 2398.6 | lr 1.33e-04 | 510 tok/s | mesoLG 0.58 | NT[DA=0.81 NE=0.69 5HT=0.96 ACh=0.79 eCB=0.25 Glu=0.59 GABA=0.64]
step   100 | loss 5.6657 | lm 7.7266 | ppl 2268.0 | lr 1.48e-04 | 532 tok/s | mesoLG 0.58 | NT[DA=0.80 NE=0.69 5HT=0.96 ACh=0.78 eCB=0.25 Glu=0.59 GABA=0.64]
step   110 | loss 5.7908 | lm 7.9087 | ppl 2720.9 | lr 1.63e-04 | 488 tok/s | mesoLG 0.58 | NT[DA=0.80 NE=0.69 5HT=0.96 ACh=0.78 eCB=0.23 Glu=0.55 GABA=0.65]
step   120 | loss 5.6653 | lm 7.7378 | ppl 2293.4 | lr 1.78e-04 | 466 tok/s | mesoLG 0.58 | NT[DA=0.80 NE=0.69 5HT=0.96 ACh=0.77 eCB=0.23 Glu=0.53 GABA=0.65]
step   130 | loss 5.9091 | lm 8.0414 | ppl 3107.0 | lr 1.93e-04 | 466 tok/s | mesoLG 0.58 | NT[DA=0.80 NE=0.69 5HT=0.95 ACh=0.77 eCB=0.24 Glu=0.51 GABA=0.65]
step   140 | loss 5.5699 | lm 7.6117 | ppl 2021.6 | lr 2.08e-04 | 463 tok/s | mesoLG 0.58 | NT[DA=0.80 NE=0.69 5HT=0.95 ACh=0.76 eCB=0.23 Glu=0.50 GABA=0.64]
step   150 | loss 5.6832 | lm 7.7664 | ppl 2360.1 | lr 2.23e-04 | 510 tok/s | mesoLG 0.58 | NT[DA=0.80 NE=0.69 5HT=0.95 ACh=0.75 eCB=0.24 Glu=0.48 GABA=0.65]
step   160 | loss 5.3857 | lm 7.3598 | ppl 1571.5 | lr 2.38e-04 | 530 tok/s | mesoLG 0.58 | NT[DA=0.80 NE=0.69 5HT=0.95 ACh=0.75 eCB=0.24 Glu=0.48 GABA=0.64]
step   170 | loss 5.5319 | lm 7.5592 | ppl 1918.3 | lr 2.53e-04 | 522 tok/s | mesoLG 0.58 | NT[DA=0.80 NE=0.69 5HT=0.95 ACh=0.75 eCB=0.24 Glu=0.48 GABA=0.63]
step   180 | loss 5.4130 | lm 7.3963 | ppl 1630.0 | lr 2.68e-04 | 541 tok/s | mesoLG 0.58 | NT[DA=0.80 NE=0.69 5HT=0.95 ACh=0.75 eCB=0.23 Glu=0.48 GABA=0.62]
step   190 | loss 5.4401 | lm 7.4331 | ppl 1691.0 | lr 2.83e-04 | 511 tok/s | mesoLG 0.58 | NT[DA=0.80 NE=0.70 5HT=0.95 ACh=0.75 eCB=0.23 Glu=0.47 GABA=0.62]
step   200 | loss 5.5234 | lm 7.5474 | ppl 1895.8 | lr 2.98e-04 | 521 tok/s | mesoLG 0.58 | NT[DA=0.80 NE=0.70 5HT=0.95 ACh=0.75 eCB=0.22 Glu=0.47 GABA=0.61]
step   210 | loss 5.3569 | lm 7.3201 | ppl 1510.4 | lr 3.00e-04 | 535 tok/s | mesoLG 0.58 | NT[DA=0.80 NE=0.70 5HT=0.95 ACh=0.75 eCB=0.22 Glu=0.47 GABA=0.60]
step   220 | loss 5.2425 | lm 7.1636 | ppl 1291.5 | lr 3.00e-04 | 535 tok/s | mesoLG 0.58 | NT[DA=0.80 NE=0.70 5HT=0.95 ACh=0.75 eCB=0.23 Glu=0.47 GABA=0.59]
step   230 | loss 5.1773 | lm 7.0745 | ppl 1181.4 | lr 3.00e-04 | 490 tok/s | mesoLG 0.58 | NT[DA=0.80 NE=0.70 5HT=0.95 ACh=0.75 eCB=0.23 Glu=0.47 GABA=0.58]
step   240 | loss 5.1916 | lm 7.0937 | ppl 1204.4 | lr 3.00e-04 | 549 tok/s | mesoLG 0.58 | NT[DA=0.80 NE=0.70 5HT=0.95 ACh=0.75 eCB=0.22 Glu=0.47 GABA=0.58]
step   250 | loss 5.1694 | lm 7.0638 | ppl 1168.9 | lr 3.00e-04 | 32 tok/s | mesoLG 0.58 | NT[DA=0.80 NE=0.70 5HT=0.95 ACh=0.75 eCB=0.23 Glu=0.47 GABA=0.57]
step   260 | loss 5.0215 | lm 6.8616 | ppl 954.9 | lr 3.00e-04 | 367 tok/s | mesoLG 0.58 | NT[DA=0.80 NE=0.70 5HT=0.95 ACh=0.75 eCB=0.23 Glu=0.47 GABA=0.56]
step   270 | loss 4.9739 | lm 6.7960 | ppl 894.3 | lr 3.00e-04 | 558 tok/s | mesoLG 0.58 | NT[DA=0.80 NE=0.70 5HT=0.95 ACh=0.75 eCB=0.23 Glu=0.47 GABA=0.55]
step   280 | loss 4.9139 | lm 6.7141 | ppl 823.9 | lr 3.00e-04 | 484 tok/s | mesoLG 0.58 | NT[DA=0.80 NE=0.70 5HT=0.95 ACh=0.75 eCB=0.23 Glu=0.47 GABA=0.57]
step   290 | loss 5.0716 | lm 6.9292 | ppl 1021.7 | lr 3.00e-04 | 432 tok/s | mesoLG 0.58 | NT[DA=0.80 NE=0.70 5HT=0.95 ACh=0.75 eCB=0.24 Glu=0.47 GABA=0.59]
step   300 | loss 4.9132 | lm 6.7121 | ppl 822.3 | lr 3.00e-04 | 501 tok/s | mesoLG 0.58 | NT[DA=0.80 NE=0.70 5HT=0.95 ACh=0.75 eCB=0.24 Glu=0.48 GABA=0.58]
step   310 | loss 5.1421 | lm 7.0252 | ppl 1124.6 | lr 3.00e-04 | 540 tok/s | mesoLG 0.58 | NT[DA=0.80 NE=0.70 5HT=0.95 ACh=0.75 eCB=0.23 Glu=0.47 GABA=0.58]
step   320 | loss 5.0581 | lm 6.9109 | ppl 1003.1 | lr 3.00e-04 | 535 tok/s | mesoLG 0.58 | NT[DA=0.80 NE=0.70 5HT=0.95 ACh=0.75 eCB=0.23 Glu=0.47 GABA=0.57]
step   330 | loss 4.8786 | lm 6.6649 | ppl 784.4 | lr 3.00e-04 | 505 tok/s | mesoLG 0.58 | NT[DA=0.80 NE=0.70 5HT=0.95 ACh=0.75 eCB=0.23 Glu=0.47 GABA=0.56]
step   340 | loss 4.8598 | lm 6.6390 | ppl 764.3 | lr 3.00e-04 | 530 tok/s | mesoLG 0.58 | NT[DA=0.80 NE=0.70 5HT=0.95 ACh=0.75 eCB=0.24 Glu=0.47 GABA=0.58]
step   350 | loss 4.6588 | lm 6.3632 | ppl 580.1 | lr 3.00e-04 | 495 tok/s | mesoLG 0.58 | NT[DA=0.80 NE=0.70 5HT=0.95 ACh=0.75 eCB=0.24 Glu=0.47 GABA=0.57]
step   360 | loss 4.7494 | lm 6.4864 | ppl 656.1 | lr 3.00e-04 | 501 tok/s | mesoLG 0.58 | NT[DA=0.80 NE=0.70 5HT=0.95 ACh=0.75 eCB=0.24 Glu=0.48 GABA=0.57]
step   370 | loss 4.6966 | lm 6.4147 | ppl 610.8 | lr 3.00e-04 | 519 tok/s | mesoLG 0.58 | NT[DA=0.80 NE=0.70 5HT=0.95 ACh=0.75 eCB=0.24 Glu=0.47 GABA=0.56]
step   380 | loss 5.0380 | lm 6.8811 | ppl 973.7 | lr 3.00e-04 | 493 tok/s | mesoLG 0.58 | NT[DA=0.80 NE=0.70 5HT=0.95 ACh=0.75 eCB=0.24 Glu=0.47 GABA=0.58]
step   390 | loss 4.8276 | lm 6.5936 | ppl 730.4 | lr 3.00e-04 | 515 tok/s | mesoLG 0.58 | NT[DA=0.80 NE=0.70 5HT=0.95 ACh=0.75 eCB=0.24 Glu=0.47 GABA=0.57]
step   400 | loss 4.7639 | lm 6.5058 | ppl 669.0 | lr 3.00e-04 | 486 tok/s | mesoLG 0.58 | NT[DA=0.80 NE=0.70 5HT=0.95 ACh=0.75 eCB=0.24 Glu=0.47 GABA=0.56]
step   410 | loss 5.0186 | lm 6.8547 | ppl 948.3 | lr 3.00e-04 | 503 tok/s | mesoLG 0.58 | NT[DA=0.80 NE=0.70 5HT=0.95 ACh=0.75 eCB=0.24 Glu=0.47 GABA=0.56]
step   420 | loss 4.8813 | lm 6.6675 | ppl 786.4 | lr 3.00e-04 | 507 tok/s | mesoLG 0.58 | NT[DA=0.80 NE=0.70 5HT=0.95 ACh=0.75 eCB=0.24 Glu=0.47 GABA=0.55]
step   430 | loss 4.5433 | lm 6.2027 | ppl 494.1 | lr 3.00e-04 | 506 tok/s | mesoLG 0.58 | NT[DA=0.80 NE=0.70 5HT=0.95 ACh=0.75 eCB=0.25 Glu=0.48 GABA=0.54]
step   440 | loss 4.6900 | lm 6.4050 | ppl 604.9 | lr 3.00e-04 | 505 tok/s | mesoLG 0.58 | NT[DA=0.80 NE=0.70 5HT=0.95 ACh=0.75 eCB=0.25 Glu=0.48 GABA=0.54]
step   450 | loss 4.8470 | lm 6.6011 | ppl 735.9 | lr 3.00e-04 | 474 tok/s | mesoLG 0.58 | NT[DA=0.80 NE=0.70 5HT=0.95 ACh=0.75 eCB=0.25 Glu=0.48 GABA=0.58]
step   460 | loss 4.5314 | lm 6.1866 | ppl 486.2 | lr 3.00e-04 | 515 tok/s | mesoLG 0.58 | NT[DA=0.80 NE=0.70 5HT=0.95 ACh=0.75 eCB=0.25 Glu=0.48 GABA=0.58]
step   470 | loss 4.4758 | lm 6.1119 | ppl 451.2 | lr 3.00e-04 | 491 tok/s | mesoLG 0.58 | NT[DA=0.80 NE=0.70 5HT=0.95 ACh=0.75 eCB=0.25 Glu=0.48 GABA=0.57]
step   480 | loss 4.5364 | lm 6.1927 | ppl 489.1 | lr 3.00e-04 | 462 tok/s | mesoLG 0.58 | NT[DA=0.80 NE=0.70 5HT=0.95 ACh=0.75 eCB=0.25 Glu=0.48 GABA=0.56]
step   490 | loss 4.8651 | lm 6.6428 | ppl 767.2 | lr 3.00e-04 | 457 tok/s | mesoLG 0.58 | NT[DA=0.80 NE=0.70 5HT=0.95 ACh=0.75 eCB=0.25 Glu=0.48 GABA=0.56]
step   500 | loss 4.3021 | lm 5.8729 | ppl 355.3 | lr 3.00e-04 | 387 tok/s | mesoLG 0.58 | NT[DA=0.80 NE=0.70 5HT=0.95 ACh=0.75 eCB=0.26 Glu=0.49 GABA=0.60]
[train] saved checkpoints\neuroslm_small_chat_500.pt | genome=gb89cbbb4 gen=0 | trophic={'n_projections': 13, 'n_active': 1, 'n_pruned': 12, 'trophic_mean': 0.012199859134852886, 'trophic_max': 0.1585981696844101, 'trophic_min': 0.0, 'saturated': 0}
step   510 | loss 4.6464 | lm 6.3433 | ppl 568.7 | lr 2.99e-04 | 443 tok/s | mesoLG 0.58 | NT[DA=0.80 NE=0.70 5HT=0.95 ACh=0.75 eCB=0.26 Glu=0.49 GABA=0.59]
